[ 2016-09-13T20:44:10+08:00 ] 182.150.24.133 /
INFO: [ app_init ] --START--
INFO: Run Behavior\BuildLiteBehavior [ RunTime:0.000009s ]
INFO: [ app_init ] --END-- [ RunTime:0.000269s ]
INFO: [ app_begin ] --START--
INFO: Run Behavior\ReadHtmlCacheBehavior [ RunTime:0.000148s ]
INFO: [ app_begin ] --END-- [ RunTime:0.000169s ]
INFO: [ view_parse ] --START--
INFO: [ template_filter ] --START--
INFO: Run Behavior\ContentReplaceBehavior [ RunTime:0.000321s ]
INFO: [ template_filter ] --END-- [ RunTime:0.000343s ]
INFO: Run Behavior\ParseTemplateBehavior [ RunTime:0.004167s ]
INFO: [ view_parse ] --END-- [ RunTime:0.004191s ]
INFO: [ view_filter ] --START--
INFO: Run Behavior\WriteHtmlCacheBehavior [ RunTime:0.000022s ]
INFO: [ view_filter ] --END-- [ RunTime:0.000036s ]
INFO: [ app_end ] --START--
INFO: Run Behavior\ShowPageTraceBehavior [ RunTime:0.000021s ]
INFO: [ app_end ] --END-- [ RunTime:0.000035s ]

[ 2016-09-13T20:44:32+08:00 ] 182.150.24.133 /
INFO: [ app_init ] --START--
INFO: Run Behavior\BuildLiteBehavior [ RunTime:0.000009s ]
INFO: [ app_init ] --END-- [ RunTime:0.000084s ]
INFO: [ app_begin ] --START--
INFO: Run Behavior\ReadHtmlCacheBehavior [ RunTime:0.000024s ]
INFO: [ app_begin ] --END-- [ RunTime:0.000053s ]
INFO: [ view_parse ] --START--
INFO: [ template_filter ] --START--
INFO: Run Behavior\ContentReplaceBehavior [ RunTime:0.000135s ]
INFO: [ template_filter ] --END-- [ RunTime:0.000176s ]
INFO: Run Behavior\ParseTemplateBehavior [ RunTime:0.003442s ]
INFO: [ view_parse ] --END-- [ RunTime:0.003471s ]
INFO: [ view_filter ] --START--
INFO: Run Behavior\WriteHtmlCacheBehavior [ RunTime:0.000033s ]
INFO: [ view_filter ] --END-- [ RunTime:0.000050s ]
INFO: [ app_end ] --START--
INFO: Run Behavior\ShowPageTraceBehavior [ RunTime:0.000038s ]
INFO: [ app_end ] --END-- [ RunTime:0.000056s ]

