[ 2016-08-08T09:51:35+08:00 ] 127.0.0.1 /passport/login
INFO: [ app_init ] --START--
INFO: Run Behavior\BuildLiteBehavior [ RunTime:0.000313s ]
INFO: [ app_init ] --END-- [ RunTime:0.000589s ]
INFO: [ app_begin ] --START--
INFO: Run Behavior\ReadHtmlCacheBehavior [ RunTime:0.000497s ]
INFO: [ app_begin ] --END-- [ RunTime:0.000635s ]
INFO: [ view_parse ] --START--
NOTIC: [2] file_get_contents(./apps/Admin/View/Comm/Login/OtherLogin.html): failed to open stream: No such file or directory /home/xban/www/salon/ThinkPHP/Library/Think/Template.class.php 第 785 行.
INFO: [ template_filter ] --START--
INFO: Run Behavior\ContentReplaceBehavior [ RunTime:0.000038s ]
INFO: [ template_filter ] --END-- [ RunTime:0.000066s ]
NOTIC: [8] Undefined variable: token /home/xban/www/salon/apps/Runtime/Cache/Admin/a2244f5351da9a8fad55f9d836b0769e.php 第 92 行.
NOTIC: [8] Undefined variable: username /home/xban/www/salon/apps/Runtime/Cache/Admin/a2244f5351da9a8fad55f9d836b0769e.php 第 100 行.
NOTIC: [8] Undefined variable: errors /home/xban/www/salon/apps/Runtime/Cache/Admin/a2244f5351da9a8fad55f9d836b0769e.php 第 114 行.
NOTIC: [8] Undefined variable: projectName /home/xban/www/salon/apps/Runtime/Cache/Admin/a2244f5351da9a8fad55f9d836b0769e.php 第 151 行.
INFO: Run Behavior\ParseTemplateBehavior [ RunTime:0.006333s ]
INFO: [ view_parse ] --END-- [ RunTime:0.006357s ]
INFO: [ view_filter ] --START--
INFO: Run Behavior\WriteHtmlCacheBehavior [ RunTime:0.000051s ]
INFO: [ view_filter ] --END-- [ RunTime:0.000065s ]
INFO: [ app_end ] --START--
INFO: Run Behavior\ShowPageTraceBehavior [ RunTime:0.000210s ]
INFO: [ app_end ] --END-- [ RunTime:0.000228s ]

[ 2016-08-08T09:53:24+08:00 ] 127.0.0.1 /passport/login
INFO: [ app_init ] --START--
INFO: Run Behavior\BuildLiteBehavior [ RunTime:0.000006s ]
INFO: [ app_init ] --END-- [ RunTime:0.000045s ]
INFO: [ app_begin ] --START--
INFO: Run Behavior\ReadHtmlCacheBehavior [ RunTime:0.000021s ]
INFO: [ app_begin ] --END-- [ RunTime:0.000039s ]
INFO: [ view_parse ] --START--
NOTIC: [2] file_get_contents(./apps/Admin/View/Comm/Login/OtherLogin.html): failed to open stream: No such file or directory /home/xban/www/salon/ThinkPHP/Library/Think/Template.class.php 第 785 行.
INFO: [ template_filter ] --START--
INFO: Run Behavior\ContentReplaceBehavior [ RunTime:0.000032s ]
INFO: [ template_filter ] --END-- [ RunTime:0.000054s ]
NOTIC: [8] Undefined variable: token /home/xban/www/salon/apps/Runtime/Cache/Admin/a2244f5351da9a8fad55f9d836b0769e.php 第 90 行.
NOTIC: [8] Undefined variable: username /home/xban/www/salon/apps/Runtime/Cache/Admin/a2244f5351da9a8fad55f9d836b0769e.php 第 98 行.
NOTIC: [8] Undefined variable: errors /home/xban/www/salon/apps/Runtime/Cache/Admin/a2244f5351da9a8fad55f9d836b0769e.php 第 112 行.
NOTIC: [8] Undefined variable: projectName /home/xban/www/salon/apps/Runtime/Cache/Admin/a2244f5351da9a8fad55f9d836b0769e.php 第 149 行.
INFO: Run Behavior\ParseTemplateBehavior [ RunTime:0.002601s ]
INFO: [ view_parse ] --END-- [ RunTime:0.002618s ]
INFO: [ view_filter ] --START--
INFO: Run Behavior\WriteHtmlCacheBehavior [ RunTime:0.000021s ]
INFO: [ view_filter ] --END-- [ RunTime:0.000033s ]
INFO: [ app_end ] --START--
INFO: Run Behavior\ShowPageTraceBehavior [ RunTime:0.000018s ]
INFO: [ app_end ] --END-- [ RunTime:0.000031s ]

[ 2016-08-08T09:53:25+08:00 ] 127.0.0.1 /passport/login
INFO: [ app_init ] --START--
INFO: Run Behavior\BuildLiteBehavior [ RunTime:0.000006s ]
INFO: [ app_init ] --END-- [ RunTime:0.000045s ]
INFO: [ app_begin ] --START--
INFO: Run Behavior\ReadHtmlCacheBehavior [ RunTime:0.000021s ]
INFO: [ app_begin ] --END-- [ RunTime:0.000040s ]
INFO: [ view_parse ] --START--
NOTIC: [2] file_get_contents(./apps/Admin/View/Comm/Login/OtherLogin.html): failed to open stream: No such file or directory /home/xban/www/salon/ThinkPHP/Library/Think/Template.class.php 第 785 行.
INFO: [ template_filter ] --START--
INFO: Run Behavior\ContentReplaceBehavior [ RunTime:0.000030s ]
INFO: [ template_filter ] --END-- [ RunTime:0.000049s ]
NOTIC: [8] Undefined variable: token /home/xban/www/salon/apps/Runtime/Cache/Admin/a2244f5351da9a8fad55f9d836b0769e.php 第 90 行.
NOTIC: [8] Undefined variable: username /home/xban/www/salon/apps/Runtime/Cache/Admin/a2244f5351da9a8fad55f9d836b0769e.php 第 98 行.
NOTIC: [8] Undefined variable: errors /home/xban/www/salon/apps/Runtime/Cache/Admin/a2244f5351da9a8fad55f9d836b0769e.php 第 112 行.
NOTIC: [8] Undefined variable: projectName /home/xban/www/salon/apps/Runtime/Cache/Admin/a2244f5351da9a8fad55f9d836b0769e.php 第 149 行.
INFO: Run Behavior\ParseTemplateBehavior [ RunTime:0.002707s ]
INFO: [ view_parse ] --END-- [ RunTime:0.002726s ]
INFO: [ view_filter ] --START--
INFO: Run Behavior\WriteHtmlCacheBehavior [ RunTime:0.000017s ]
INFO: [ view_filter ] --END-- [ RunTime:0.000029s ]
INFO: [ app_end ] --START--
INFO: Run Behavior\ShowPageTraceBehavior [ RunTime:0.000022s ]
INFO: [ app_end ] --END-- [ RunTime:0.000036s ]

[ 2016-08-08T09:55:53+08:00 ] 127.0.0.1 /passport/login
INFO: [ app_init ] --START--
INFO: Run Behavior\BuildLiteBehavior [ RunTime:0.000008s ]
INFO: [ app_init ] --END-- [ RunTime:0.000052s ]
INFO: [ app_begin ] --START--
INFO: Run Behavior\ReadHtmlCacheBehavior [ RunTime:0.000025s ]
INFO: [ app_begin ] --END-- [ RunTime:0.000047s ]
INFO: [ view_parse ] --START--
NOTIC: [2] file_get_contents(./apps/Admin/View/Comm/Login/OtherLogin.html): failed to open stream: No such file or directory /home/xban/www/salon/ThinkPHP/Library/Think/Template.class.php 第 785 行.
INFO: [ template_filter ] --START--
INFO: Run Behavior\ContentReplaceBehavior [ RunTime:0.000033s ]
INFO: [ template_filter ] --END-- [ RunTime:0.000054s ]
NOTIC: [8] Undefined variable: token /home/xban/www/salon/apps/Runtime/Cache/Admin/a2244f5351da9a8fad55f9d836b0769e.php 第 90 行.
NOTIC: [8] Undefined variable: username /home/xban/www/salon/apps/Runtime/Cache/Admin/a2244f5351da9a8fad55f9d836b0769e.php 第 98 行.
NOTIC: [8] Undefined variable: errors /home/xban/www/salon/apps/Runtime/Cache/Admin/a2244f5351da9a8fad55f9d836b0769e.php 第 112 行.
NOTIC: [8] Undefined variable: projectName /home/xban/www/salon/apps/Runtime/Cache/Admin/a2244f5351da9a8fad55f9d836b0769e.php 第 149 行.
INFO: Run Behavior\ParseTemplateBehavior [ RunTime:0.002564s ]
INFO: [ view_parse ] --END-- [ RunTime:0.002583s ]
INFO: [ view_filter ] --START--
INFO: Run Behavior\WriteHtmlCacheBehavior [ RunTime:0.000021s ]
INFO: [ view_filter ] --END-- [ RunTime:0.000033s ]
INFO: [ app_end ] --START--
INFO: Run Behavior\ShowPageTraceBehavior [ RunTime:0.000024s ]
INFO: [ app_end ] --END-- [ RunTime:0.000038s ]

[ 2016-08-08T09:55:54+08:00 ] 127.0.0.1 /passport/login
INFO: [ app_init ] --START--
INFO: Run Behavior\BuildLiteBehavior [ RunTime:0.000006s ]
INFO: [ app_init ] --END-- [ RunTime:0.000039s ]
INFO: [ app_begin ] --START--
INFO: Run Behavior\ReadHtmlCacheBehavior [ RunTime:0.000017s ]
INFO: [ app_begin ] --END-- [ RunTime:0.000035s ]
INFO: [ view_parse ] --START--
NOTIC: [2] file_get_contents(./apps/Admin/View/Comm/Login/OtherLogin.html): failed to open stream: No such file or directory /home/xban/www/salon/ThinkPHP/Library/Think/Template.class.php 第 785 行.
INFO: [ template_filter ] --START--
INFO: Run Behavior\ContentReplaceBehavior [ RunTime:0.000029s ]
INFO: [ template_filter ] --END-- [ RunTime:0.000048s ]
NOTIC: [8] Undefined variable: token /home/xban/www/salon/apps/Runtime/Cache/Admin/a2244f5351da9a8fad55f9d836b0769e.php 第 90 行.
NOTIC: [8] Undefined variable: username /home/xban/www/salon/apps/Runtime/Cache/Admin/a2244f5351da9a8fad55f9d836b0769e.php 第 98 行.
NOTIC: [8] Undefined variable: errors /home/xban/www/salon/apps/Runtime/Cache/Admin/a2244f5351da9a8fad55f9d836b0769e.php 第 112 行.
NOTIC: [8] Undefined variable: projectName /home/xban/www/salon/apps/Runtime/Cache/Admin/a2244f5351da9a8fad55f9d836b0769e.php 第 149 行.
INFO: Run Behavior\ParseTemplateBehavior [ RunTime:0.004698s ]
INFO: [ view_parse ] --END-- [ RunTime:0.004715s ]
INFO: [ view_filter ] --START--
INFO: Run Behavior\WriteHtmlCacheBehavior [ RunTime:0.000019s ]
INFO: [ view_filter ] --END-- [ RunTime:0.000032s ]
INFO: [ app_end ] --START--
INFO: Run Behavior\ShowPageTraceBehavior [ RunTime:0.000015s ]
INFO: [ app_end ] --END-- [ RunTime:0.000029s ]

[ 2016-08-08T09:55:55+08:00 ] 127.0.0.1 /passport/login
INFO: [ app_init ] --START--
INFO: Run Behavior\BuildLiteBehavior [ RunTime:0.000017s ]
INFO: [ app_init ] --END-- [ RunTime:0.000050s ]
INFO: [ app_begin ] --START--
INFO: Run Behavior\ReadHtmlCacheBehavior [ RunTime:0.000018s ]
INFO: [ app_begin ] --END-- [ RunTime:0.000035s ]
INFO: [ view_parse ] --START--
NOTIC: [2] file_get_contents(./apps/Admin/View/Comm/Login/OtherLogin.html): failed to open stream: No such file or directory /home/xban/www/salon/ThinkPHP/Library/Think/Template.class.php 第 785 行.
INFO: [ template_filter ] --START--
INFO: Run Behavior\ContentReplaceBehavior [ RunTime:0.000032s ]
INFO: [ template_filter ] --END-- [ RunTime:0.000052s ]
NOTIC: [8] Undefined variable: token /home/xban/www/salon/apps/Runtime/Cache/Admin/a2244f5351da9a8fad55f9d836b0769e.php 第 90 行.
NOTIC: [8] Undefined variable: username /home/xban/www/salon/apps/Runtime/Cache/Admin/a2244f5351da9a8fad55f9d836b0769e.php 第 98 行.
NOTIC: [8] Undefined variable: errors /home/xban/www/salon/apps/Runtime/Cache/Admin/a2244f5351da9a8fad55f9d836b0769e.php 第 112 行.
NOTIC: [8] Undefined variable: projectName /home/xban/www/salon/apps/Runtime/Cache/Admin/a2244f5351da9a8fad55f9d836b0769e.php 第 149 行.
INFO: Run Behavior\ParseTemplateBehavior [ RunTime:0.002526s ]
INFO: [ view_parse ] --END-- [ RunTime:0.002542s ]
INFO: [ view_filter ] --START--
INFO: Run Behavior\WriteHtmlCacheBehavior [ RunTime:0.000017s ]
INFO: [ view_filter ] --END-- [ RunTime:0.000029s ]
INFO: [ app_end ] --START--
INFO: Run Behavior\ShowPageTraceBehavior [ RunTime:0.000014s ]
INFO: [ app_end ] --END-- [ RunTime:0.000026s ]

[ 2016-08-08T09:55:55+08:00 ] 127.0.0.1 /passport/login
INFO: [ app_init ] --START--
INFO: Run Behavior\BuildLiteBehavior [ RunTime:0.000006s ]
INFO: [ app_init ] --END-- [ RunTime:0.000040s ]
INFO: [ app_begin ] --START--
INFO: Run Behavior\ReadHtmlCacheBehavior [ RunTime:0.000018s ]
INFO: [ app_begin ] --END-- [ RunTime:0.000035s ]
INFO: [ view_parse ] --START--
NOTIC: [2] file_get_contents(./apps/Admin/View/Comm/Login/OtherLogin.html): failed to open stream: No such file or directory /home/xban/www/salon/ThinkPHP/Library/Think/Template.class.php 第 785 行.
INFO: [ template_filter ] --START--
INFO: Run Behavior\ContentReplaceBehavior [ RunTime:0.000031s ]
INFO: [ template_filter ] --END-- [ RunTime:0.000051s ]
NOTIC: [8] Undefined variable: token /home/xban/www/salon/apps/Runtime/Cache/Admin/a2244f5351da9a8fad55f9d836b0769e.php 第 90 行.
NOTIC: [8] Undefined variable: username /home/xban/www/salon/apps/Runtime/Cache/Admin/a2244f5351da9a8fad55f9d836b0769e.php 第 98 行.
NOTIC: [8] Undefined variable: errors /home/xban/www/salon/apps/Runtime/Cache/Admin/a2244f5351da9a8fad55f9d836b0769e.php 第 112 行.
NOTIC: [8] Undefined variable: projectName /home/xban/www/salon/apps/Runtime/Cache/Admin/a2244f5351da9a8fad55f9d836b0769e.php 第 149 行.
INFO: Run Behavior\ParseTemplateBehavior [ RunTime:0.002442s ]
INFO: [ view_parse ] --END-- [ RunTime:0.002459s ]
INFO: [ view_filter ] --START--
INFO: Run Behavior\WriteHtmlCacheBehavior [ RunTime:0.000016s ]
INFO: [ view_filter ] --END-- [ RunTime:0.000029s ]
INFO: [ app_end ] --START--
INFO: Run Behavior\ShowPageTraceBehavior [ RunTime:0.000014s ]
INFO: [ app_end ] --END-- [ RunTime:0.000028s ]

[ 2016-08-08T09:55:57+08:00 ] 127.0.0.1 /passport/login
INFO: [ app_init ] --START--
INFO: Run Behavior\BuildLiteBehavior [ RunTime:0.000006s ]
INFO: [ app_init ] --END-- [ RunTime:0.000043s ]
INFO: [ app_begin ] --START--
INFO: Run Behavior\ReadHtmlCacheBehavior [ RunTime:0.000020s ]
INFO: [ app_begin ] --END-- [ RunTime:0.000038s ]
INFO: [ view_parse ] --START--
NOTIC: [2] file_get_contents(./apps/Admin/View/Comm/Login/OtherLogin.html): failed to open stream: No such file or directory /home/xban/www/salon/ThinkPHP/Library/Think/Template.class.php 第 785 行.
INFO: [ template_filter ] --START--
INFO: Run Behavior\ContentReplaceBehavior [ RunTime:0.000031s ]
INFO: [ template_filter ] --END-- [ RunTime:0.000053s ]
NOTIC: [8] Undefined variable: token /home/xban/www/salon/apps/Runtime/Cache/Admin/a2244f5351da9a8fad55f9d836b0769e.php 第 90 行.
NOTIC: [8] Undefined variable: username /home/xban/www/salon/apps/Runtime/Cache/Admin/a2244f5351da9a8fad55f9d836b0769e.php 第 98 行.
NOTIC: [8] Undefined variable: errors /home/xban/www/salon/apps/Runtime/Cache/Admin/a2244f5351da9a8fad55f9d836b0769e.php 第 112 行.
NOTIC: [8] Undefined variable: projectName /home/xban/www/salon/apps/Runtime/Cache/Admin/a2244f5351da9a8fad55f9d836b0769e.php 第 149 行.
INFO: Run Behavior\ParseTemplateBehavior [ RunTime:0.002529s ]
INFO: [ view_parse ] --END-- [ RunTime:0.002547s ]
INFO: [ view_filter ] --START--
INFO: Run Behavior\WriteHtmlCacheBehavior [ RunTime:0.000020s ]
INFO: [ view_filter ] --END-- [ RunTime:0.000033s ]
INFO: [ app_end ] --START--
INFO: Run Behavior\ShowPageTraceBehavior [ RunTime:0.000018s ]
INFO: [ app_end ] --END-- [ RunTime:0.000030s ]

[ 2016-08-08T09:55:57+08:00 ] 127.0.0.1 /passport/login
INFO: [ app_init ] --START--
INFO: Run Behavior\BuildLiteBehavior [ RunTime:0.000007s ]
INFO: [ app_init ] --END-- [ RunTime:0.000041s ]
INFO: [ app_begin ] --START--
INFO: Run Behavior\ReadHtmlCacheBehavior [ RunTime:0.000019s ]
INFO: [ app_begin ] --END-- [ RunTime:0.000038s ]
INFO: [ view_parse ] --START--
NOTIC: [2] file_get_contents(./apps/Admin/View/Comm/Login/OtherLogin.html): failed to open stream: No such file or directory /home/xban/www/salon/ThinkPHP/Library/Think/Template.class.php 第 785 行.
INFO: [ template_filter ] --START--
INFO: Run Behavior\ContentReplaceBehavior [ RunTime:0.000031s ]
INFO: [ template_filter ] --END-- [ RunTime:0.000052s ]
NOTIC: [8] Undefined variable: token /home/xban/www/salon/apps/Runtime/Cache/Admin/a2244f5351da9a8fad55f9d836b0769e.php 第 90 行.
NOTIC: [8] Undefined variable: username /home/xban/www/salon/apps/Runtime/Cache/Admin/a2244f5351da9a8fad55f9d836b0769e.php 第 98 行.
NOTIC: [8] Undefined variable: errors /home/xban/www/salon/apps/Runtime/Cache/Admin/a2244f5351da9a8fad55f9d836b0769e.php 第 112 行.
NOTIC: [8] Undefined variable: projectName /home/xban/www/salon/apps/Runtime/Cache/Admin/a2244f5351da9a8fad55f9d836b0769e.php 第 149 行.
INFO: Run Behavior\ParseTemplateBehavior [ RunTime:0.002590s ]
INFO: [ view_parse ] --END-- [ RunTime:0.002607s ]
INFO: [ view_filter ] --START--
INFO: Run Behavior\WriteHtmlCacheBehavior [ RunTime:0.000017s ]
INFO: [ view_filter ] --END-- [ RunTime:0.000028s ]
INFO: [ app_end ] --START--
INFO: Run Behavior\ShowPageTraceBehavior [ RunTime:0.000014s ]
INFO: [ app_end ] --END-- [ RunTime:0.000027s ]

[ 2016-08-08T09:55:57+08:00 ] 127.0.0.1 /passport/login
INFO: [ app_init ] --START--
INFO: Run Behavior\BuildLiteBehavior [ RunTime:0.000007s ]
INFO: [ app_init ] --END-- [ RunTime:0.000043s ]
INFO: [ app_begin ] --START--
INFO: Run Behavior\ReadHtmlCacheBehavior [ RunTime:0.000017s ]
INFO: [ app_begin ] --END-- [ RunTime:0.000035s ]
INFO: [ view_parse ] --START--
NOTIC: [2] file_get_contents(./apps/Admin/View/Comm/Login/OtherLogin.html): failed to open stream: No such file or directory /home/xban/www/salon/ThinkPHP/Library/Think/Template.class.php 第 785 行.
INFO: [ template_filter ] --START--
INFO: Run Behavior\ContentReplaceBehavior [ RunTime:0.000030s ]
INFO: [ template_filter ] --END-- [ RunTime:0.000051s ]
NOTIC: [8] Undefined variable: token /home/xban/www/salon/apps/Runtime/Cache/Admin/a2244f5351da9a8fad55f9d836b0769e.php 第 90 行.
NOTIC: [8] Undefined variable: username /home/xban/www/salon/apps/Runtime/Cache/Admin/a2244f5351da9a8fad55f9d836b0769e.php 第 98 行.
NOTIC: [8] Undefined variable: errors /home/xban/www/salon/apps/Runtime/Cache/Admin/a2244f5351da9a8fad55f9d836b0769e.php 第 112 行.
NOTIC: [8] Undefined variable: projectName /home/xban/www/salon/apps/Runtime/Cache/Admin/a2244f5351da9a8fad55f9d836b0769e.php 第 149 行.
INFO: Run Behavior\ParseTemplateBehavior [ RunTime:0.002618s ]
INFO: [ view_parse ] --END-- [ RunTime:0.002635s ]
INFO: [ view_filter ] --START--
INFO: Run Behavior\WriteHtmlCacheBehavior [ RunTime:0.000019s ]
INFO: [ view_filter ] --END-- [ RunTime:0.000031s ]
INFO: [ app_end ] --START--
INFO: Run Behavior\ShowPageTraceBehavior [ RunTime:0.000015s ]
INFO: [ app_end ] --END-- [ RunTime:0.000028s ]

[ 2016-08-08T09:56:52+08:00 ] 127.0.0.1 /passport/login
INFO: [ app_init ] --START--
INFO: Run Behavior\BuildLiteBehavior [ RunTime:0.000007s ]
INFO: [ app_init ] --END-- [ RunTime:0.000045s ]
INFO: [ app_begin ] --START--
INFO: Run Behavior\ReadHtmlCacheBehavior [ RunTime:0.000021s ]
INFO: [ app_begin ] --END-- [ RunTime:0.000039s ]
INFO: [ view_parse ] --START--
NOTIC: [2] file_get_contents(./apps/Admin/View/Comm/Login/OtherLogin.html): failed to open stream: No such file or directory /home/xban/www/salon/ThinkPHP/Library/Think/Template.class.php 第 785 行.
INFO: [ template_filter ] --START--
INFO: Run Behavior\ContentReplaceBehavior [ RunTime:0.000030s ]
INFO: [ template_filter ] --END-- [ RunTime:0.000050s ]
NOTIC: [8] Undefined variable: token /home/xban/www/salon/apps/Runtime/Cache/Admin/a2244f5351da9a8fad55f9d836b0769e.php 第 90 行.
NOTIC: [8] Undefined variable: username /home/xban/www/salon/apps/Runtime/Cache/Admin/a2244f5351da9a8fad55f9d836b0769e.php 第 98 行.
NOTIC: [8] Undefined variable: errors /home/xban/www/salon/apps/Runtime/Cache/Admin/a2244f5351da9a8fad55f9d836b0769e.php 第 112 行.
NOTIC: [8] Undefined variable: projectName /home/xban/www/salon/apps/Runtime/Cache/Admin/a2244f5351da9a8fad55f9d836b0769e.php 第 149 行.
INFO: Run Behavior\ParseTemplateBehavior [ RunTime:0.002536s ]
INFO: [ view_parse ] --END-- [ RunTime:0.002554s ]
INFO: [ view_filter ] --START--
INFO: Run Behavior\WriteHtmlCacheBehavior [ RunTime:0.000021s ]
INFO: [ view_filter ] --END-- [ RunTime:0.000032s ]
INFO: [ app_end ] --START--
INFO: Run Behavior\ShowPageTraceBehavior [ RunTime:0.000018s ]
INFO: [ app_end ] --END-- [ RunTime:0.000030s ]

[ 2016-08-08T09:57:13+08:00 ] 127.0.0.1 /passport/login
INFO: [ app_init ] --START--
INFO: Run Behavior\BuildLiteBehavior [ RunTime:0.000007s ]
INFO: [ app_init ] --END-- [ RunTime:0.000044s ]
INFO: [ app_begin ] --START--
INFO: Run Behavior\ReadHtmlCacheBehavior [ RunTime:0.000021s ]
INFO: [ app_begin ] --END-- [ RunTime:0.000039s ]
INFO: [ view_parse ] --START--
NOTIC: [2] file_get_contents(./apps/Admin/View/Comm/Login/OtherLogin.html): failed to open stream: No such file or directory /home/xban/www/salon/ThinkPHP/Library/Think/Template.class.php 第 785 行.
INFO: [ template_filter ] --START--
INFO: Run Behavior\ContentReplaceBehavior [ RunTime:0.000042s ]
INFO: [ template_filter ] --END-- [ RunTime:0.000065s ]
NOTIC: [8] Undefined variable: token /home/xban/www/salon/apps/Runtime/Cache/Admin/a2244f5351da9a8fad55f9d836b0769e.php 第 88 行.
NOTIC: [8] Undefined variable: username /home/xban/www/salon/apps/Runtime/Cache/Admin/a2244f5351da9a8fad55f9d836b0769e.php 第 96 行.
NOTIC: [8] Undefined variable: errors /home/xban/www/salon/apps/Runtime/Cache/Admin/a2244f5351da9a8fad55f9d836b0769e.php 第 110 行.
NOTIC: [8] Undefined variable: projectName /home/xban/www/salon/apps/Runtime/Cache/Admin/a2244f5351da9a8fad55f9d836b0769e.php 第 147 行.
INFO: Run Behavior\ParseTemplateBehavior [ RunTime:0.002573s ]
INFO: [ view_parse ] --END-- [ RunTime:0.002591s ]
INFO: [ view_filter ] --START--
INFO: Run Behavior\WriteHtmlCacheBehavior [ RunTime:0.000022s ]
INFO: [ view_filter ] --END-- [ RunTime:0.000035s ]
INFO: [ app_end ] --START--
INFO: Run Behavior\ShowPageTraceBehavior [ RunTime:0.000018s ]
INFO: [ app_end ] --END-- [ RunTime:0.000031s ]

[ 2016-08-08T09:57:15+08:00 ] 127.0.0.1 /passport/login
INFO: [ app_init ] --START--
INFO: Run Behavior\BuildLiteBehavior [ RunTime:0.000007s ]
INFO: [ app_init ] --END-- [ RunTime:0.000044s ]
INFO: [ app_begin ] --START--
INFO: Run Behavior\ReadHtmlCacheBehavior [ RunTime:0.000020s ]
INFO: [ app_begin ] --END-- [ RunTime:0.000041s ]
INFO: [ view_parse ] --START--
NOTIC: [2] file_get_contents(./apps/Admin/View/Comm/Login/OtherLogin.html): failed to open stream: No such file or directory /home/xban/www/salon/ThinkPHP/Library/Think/Template.class.php 第 785 行.
INFO: [ template_filter ] --START--
INFO: Run Behavior\ContentReplaceBehavior [ RunTime:0.000033s ]
INFO: [ template_filter ] --END-- [ RunTime:0.000054s ]
NOTIC: [8] Undefined variable: token /home/xban/www/salon/apps/Runtime/Cache/Admin/a2244f5351da9a8fad55f9d836b0769e.php 第 88 行.
NOTIC: [8] Undefined variable: username /home/xban/www/salon/apps/Runtime/Cache/Admin/a2244f5351da9a8fad55f9d836b0769e.php 第 96 行.
NOTIC: [8] Undefined variable: errors /home/xban/www/salon/apps/Runtime/Cache/Admin/a2244f5351da9a8fad55f9d836b0769e.php 第 110 行.
NOTIC: [8] Undefined variable: projectName /home/xban/www/salon/apps/Runtime/Cache/Admin/a2244f5351da9a8fad55f9d836b0769e.php 第 147 行.
INFO: Run Behavior\ParseTemplateBehavior [ RunTime:0.004782s ]
INFO: [ view_parse ] --END-- [ RunTime:0.004804s ]
INFO: [ view_filter ] --START--
INFO: Run Behavior\WriteHtmlCacheBehavior [ RunTime:0.000026s ]
INFO: [ view_filter ] --END-- [ RunTime:0.000039s ]
INFO: [ app_end ] --START--
INFO: Run Behavior\ShowPageTraceBehavior [ RunTime:0.000017s ]
INFO: [ app_end ] --END-- [ RunTime:0.000031s ]

[ 2016-08-08T09:57:15+08:00 ] 127.0.0.1 /passport/login
INFO: [ app_init ] --START--
INFO: Run Behavior\BuildLiteBehavior [ RunTime:0.000007s ]
INFO: [ app_init ] --END-- [ RunTime:0.000045s ]
INFO: [ app_begin ] --START--
INFO: Run Behavior\ReadHtmlCacheBehavior [ RunTime:0.000020s ]
INFO: [ app_begin ] --END-- [ RunTime:0.000041s ]
INFO: [ view_parse ] --START--
NOTIC: [2] file_get_contents(./apps/Admin/View/Comm/Login/OtherLogin.html): failed to open stream: No such file or directory /home/xban/www/salon/ThinkPHP/Library/Think/Template.class.php 第 785 行.
INFO: [ template_filter ] --START--
INFO: Run Behavior\ContentReplaceBehavior [ RunTime:0.000032s ]
INFO: [ template_filter ] --END-- [ RunTime:0.000054s ]
NOTIC: [8] Undefined variable: token /home/xban/www/salon/apps/Runtime/Cache/Admin/a2244f5351da9a8fad55f9d836b0769e.php 第 88 行.
NOTIC: [8] Undefined variable: username /home/xban/www/salon/apps/Runtime/Cache/Admin/a2244f5351da9a8fad55f9d836b0769e.php 第 96 行.
NOTIC: [8] Undefined variable: errors /home/xban/www/salon/apps/Runtime/Cache/Admin/a2244f5351da9a8fad55f9d836b0769e.php 第 110 行.
NOTIC: [8] Undefined variable: projectName /home/xban/www/salon/apps/Runtime/Cache/Admin/a2244f5351da9a8fad55f9d836b0769e.php 第 147 行.
INFO: Run Behavior\ParseTemplateBehavior [ RunTime:0.002536s ]
INFO: [ view_parse ] --END-- [ RunTime:0.002554s ]
INFO: [ view_filter ] --START--
INFO: Run Behavior\WriteHtmlCacheBehavior [ RunTime:0.000020s ]
INFO: [ view_filter ] --END-- [ RunTime:0.000032s ]
INFO: [ app_end ] --START--
INFO: Run Behavior\ShowPageTraceBehavior [ RunTime:0.000016s ]
INFO: [ app_end ] --END-- [ RunTime:0.000042s ]

[ 2016-08-08T09:57:16+08:00 ] 127.0.0.1 /passport/login
INFO: [ app_init ] --START--
INFO: Run Behavior\BuildLiteBehavior [ RunTime:0.000007s ]
INFO: [ app_init ] --END-- [ RunTime:0.000043s ]
INFO: [ app_begin ] --START--
INFO: Run Behavior\ReadHtmlCacheBehavior [ RunTime:0.000021s ]
INFO: [ app_begin ] --END-- [ RunTime:0.000039s ]
INFO: [ view_parse ] --START--
NOTIC: [2] file_get_contents(./apps/Admin/View/Comm/Login/OtherLogin.html): failed to open stream: No such file or directory /home/xban/www/salon/ThinkPHP/Library/Think/Template.class.php 第 785 行.
INFO: [ template_filter ] --START--
INFO: Run Behavior\ContentReplaceBehavior [ RunTime:0.000031s ]
INFO: [ template_filter ] --END-- [ RunTime:0.000050s ]
NOTIC: [8] Undefined variable: token /home/xban/www/salon/apps/Runtime/Cache/Admin/a2244f5351da9a8fad55f9d836b0769e.php 第 88 行.
NOTIC: [8] Undefined variable: username /home/xban/www/salon/apps/Runtime/Cache/Admin/a2244f5351da9a8fad55f9d836b0769e.php 第 96 行.
NOTIC: [8] Undefined variable: errors /home/xban/www/salon/apps/Runtime/Cache/Admin/a2244f5351da9a8fad55f9d836b0769e.php 第 110 行.
NOTIC: [8] Undefined variable: projectName /home/xban/www/salon/apps/Runtime/Cache/Admin/a2244f5351da9a8fad55f9d836b0769e.php 第 147 行.
INFO: Run Behavior\ParseTemplateBehavior [ RunTime:0.004674s ]
INFO: [ view_parse ] --END-- [ RunTime:0.004692s ]
INFO: [ view_filter ] --START--
INFO: Run Behavior\WriteHtmlCacheBehavior [ RunTime:0.000025s ]
INFO: [ view_filter ] --END-- [ RunTime:0.000037s ]
INFO: [ app_end ] --START--
INFO: Run Behavior\ShowPageTraceBehavior [ RunTime:0.000019s ]
INFO: [ app_end ] --END-- [ RunTime:0.000033s ]

[ 2016-08-08T09:57:47+08:00 ] 127.0.0.1 /passport/login
INFO: [ app_init ] --START--
INFO: Run Behavior\BuildLiteBehavior [ RunTime:0.000006s ]
INFO: [ app_init ] --END-- [ RunTime:0.000043s ]
INFO: [ app_begin ] --START--
INFO: Run Behavior\ReadHtmlCacheBehavior [ RunTime:0.000020s ]
INFO: [ app_begin ] --END-- [ RunTime:0.000037s ]
INFO: [ view_parse ] --START--
NOTIC: [2] file_get_contents(./apps/Admin/View/Comm/Login/OtherLogin.html): failed to open stream: No such file or directory /home/xban/www/salon/ThinkPHP/Library/Think/Template.class.php 第 785 行.
INFO: [ template_filter ] --START--
INFO: Run Behavior\ContentReplaceBehavior [ RunTime:0.000031s ]
INFO: [ template_filter ] --END-- [ RunTime:0.000051s ]
NOTIC: [8] Undefined variable: token /home/xban/www/salon/apps/Runtime/Cache/Admin/a2244f5351da9a8fad55f9d836b0769e.php 第 86 行.
NOTIC: [8] Undefined variable: username /home/xban/www/salon/apps/Runtime/Cache/Admin/a2244f5351da9a8fad55f9d836b0769e.php 第 94 行.
NOTIC: [8] Undefined variable: errors /home/xban/www/salon/apps/Runtime/Cache/Admin/a2244f5351da9a8fad55f9d836b0769e.php 第 108 行.
NOTIC: [8] Undefined variable: projectName /home/xban/www/salon/apps/Runtime/Cache/Admin/a2244f5351da9a8fad55f9d836b0769e.php 第 145 行.
INFO: Run Behavior\ParseTemplateBehavior [ RunTime:0.002609s ]
INFO: [ view_parse ] --END-- [ RunTime:0.002626s ]
INFO: [ view_filter ] --START--
INFO: Run Behavior\WriteHtmlCacheBehavior [ RunTime:0.000020s ]
INFO: [ view_filter ] --END-- [ RunTime:0.000032s ]
INFO: [ app_end ] --START--
INFO: Run Behavior\ShowPageTraceBehavior [ RunTime:0.000016s ]
INFO: [ app_end ] --END-- [ RunTime:0.000029s ]

[ 2016-08-08T09:57:48+08:00 ] 127.0.0.1 /passport/login
INFO: [ app_init ] --START--
INFO: Run Behavior\BuildLiteBehavior [ RunTime:0.000006s ]
INFO: [ app_init ] --END-- [ RunTime:0.000039s ]
INFO: [ app_begin ] --START--
INFO: Run Behavior\ReadHtmlCacheBehavior [ RunTime:0.000017s ]
INFO: [ app_begin ] --END-- [ RunTime:0.000034s ]
INFO: [ view_parse ] --START--
NOTIC: [2] file_get_contents(./apps/Admin/View/Comm/Login/OtherLogin.html): failed to open stream: No such file or directory /home/xban/www/salon/ThinkPHP/Library/Think/Template.class.php 第 785 行.
INFO: [ template_filter ] --START--
INFO: Run Behavior\ContentReplaceBehavior [ RunTime:0.000030s ]
INFO: [ template_filter ] --END-- [ RunTime:0.000048s ]
NOTIC: [8] Undefined variable: token /home/xban/www/salon/apps/Runtime/Cache/Admin/a2244f5351da9a8fad55f9d836b0769e.php 第 86 行.
NOTIC: [8] Undefined variable: username /home/xban/www/salon/apps/Runtime/Cache/Admin/a2244f5351da9a8fad55f9d836b0769e.php 第 94 行.
NOTIC: [8] Undefined variable: errors /home/xban/www/salon/apps/Runtime/Cache/Admin/a2244f5351da9a8fad55f9d836b0769e.php 第 108 行.
NOTIC: [8] Undefined variable: projectName /home/xban/www/salon/apps/Runtime/Cache/Admin/a2244f5351da9a8fad55f9d836b0769e.php 第 145 行.
INFO: Run Behavior\ParseTemplateBehavior [ RunTime:0.002387s ]
INFO: [ view_parse ] --END-- [ RunTime:0.002403s ]
INFO: [ view_filter ] --START--
INFO: Run Behavior\WriteHtmlCacheBehavior [ RunTime:0.000017s ]
INFO: [ view_filter ] --END-- [ RunTime:0.000028s ]
INFO: [ app_end ] --START--
INFO: Run Behavior\ShowPageTraceBehavior [ RunTime:0.000014s ]
INFO: [ app_end ] --END-- [ RunTime:0.000027s ]

[ 2016-08-08T09:59:09+08:00 ] 127.0.0.1 /passport/login
INFO: [ app_init ] --START--
INFO: Run Behavior\BuildLiteBehavior [ RunTime:0.000006s ]
INFO: [ app_init ] --END-- [ RunTime:0.000042s ]
INFO: [ app_begin ] --START--
INFO: Run Behavior\ReadHtmlCacheBehavior [ RunTime:0.000019s ]
INFO: [ app_begin ] --END-- [ RunTime:0.000037s ]
INFO: [ view_parse ] --START--
NOTIC: [2] file_get_contents(./apps/Admin/View/Comm/Login/OtherLogin.html): failed to open stream: No such file or directory /home/xban/www/salon/ThinkPHP/Library/Think/Template.class.php 第 785 行.
INFO: [ template_filter ] --START--
INFO: Run Behavior\ContentReplaceBehavior [ RunTime:0.000029s ]
INFO: [ template_filter ] --END-- [ RunTime:0.000049s ]
NOTIC: [8] Undefined variable: token /home/xban/www/salon/apps/Runtime/Cache/Admin/a2244f5351da9a8fad55f9d836b0769e.php 第 87 行.
NOTIC: [8] Undefined variable: username /home/xban/www/salon/apps/Runtime/Cache/Admin/a2244f5351da9a8fad55f9d836b0769e.php 第 95 行.
NOTIC: [8] Undefined variable: errors /home/xban/www/salon/apps/Runtime/Cache/Admin/a2244f5351da9a8fad55f9d836b0769e.php 第 109 行.
NOTIC: [8] Undefined variable: projectName /home/xban/www/salon/apps/Runtime/Cache/Admin/a2244f5351da9a8fad55f9d836b0769e.php 第 146 行.
INFO: Run Behavior\ParseTemplateBehavior [ RunTime:0.005060s ]
INFO: [ view_parse ] --END-- [ RunTime:0.005079s ]
INFO: [ view_filter ] --START--
INFO: Run Behavior\WriteHtmlCacheBehavior [ RunTime:0.000025s ]
INFO: [ view_filter ] --END-- [ RunTime:0.000038s ]
INFO: [ app_end ] --START--
INFO: Run Behavior\ShowPageTraceBehavior [ RunTime:0.000020s ]
INFO: [ app_end ] --END-- [ RunTime:0.000032s ]

[ 2016-08-08T09:59:10+08:00 ] 127.0.0.1 /passport/login
INFO: [ app_init ] --START--
INFO: Run Behavior\BuildLiteBehavior [ RunTime:0.000006s ]
INFO: [ app_init ] --END-- [ RunTime:0.000039s ]
INFO: [ app_begin ] --START--
INFO: Run Behavior\ReadHtmlCacheBehavior [ RunTime:0.000017s ]
INFO: [ app_begin ] --END-- [ RunTime:0.000035s ]
INFO: [ view_parse ] --START--
NOTIC: [2] file_get_contents(./apps/Admin/View/Comm/Login/OtherLogin.html): failed to open stream: No such file or directory /home/xban/www/salon/ThinkPHP/Library/Think/Template.class.php 第 785 行.
INFO: [ template_filter ] --START--
INFO: Run Behavior\ContentReplaceBehavior [ RunTime:0.000031s ]
INFO: [ template_filter ] --END-- [ RunTime:0.000050s ]
NOTIC: [8] Undefined variable: token /home/xban/www/salon/apps/Runtime/Cache/Admin/a2244f5351da9a8fad55f9d836b0769e.php 第 87 行.
NOTIC: [8] Undefined variable: username /home/xban/www/salon/apps/Runtime/Cache/Admin/a2244f5351da9a8fad55f9d836b0769e.php 第 95 行.
NOTIC: [8] Undefined variable: errors /home/xban/www/salon/apps/Runtime/Cache/Admin/a2244f5351da9a8fad55f9d836b0769e.php 第 109 行.
NOTIC: [8] Undefined variable: projectName /home/xban/www/salon/apps/Runtime/Cache/Admin/a2244f5351da9a8fad55f9d836b0769e.php 第 146 行.
INFO: Run Behavior\ParseTemplateBehavior [ RunTime:0.002586s ]
INFO: [ view_parse ] --END-- [ RunTime:0.002603s ]
INFO: [ view_filter ] --START--
INFO: Run Behavior\WriteHtmlCacheBehavior [ RunTime:0.000016s ]
INFO: [ view_filter ] --END-- [ RunTime:0.000028s ]
INFO: [ app_end ] --START--
INFO: Run Behavior\ShowPageTraceBehavior [ RunTime:0.000014s ]
INFO: [ app_end ] --END-- [ RunTime:0.000027s ]

[ 2016-08-08T09:59:10+08:00 ] 127.0.0.1 /passport/login
INFO: [ app_init ] --START--
INFO: Run Behavior\BuildLiteBehavior [ RunTime:0.000007s ]
INFO: [ app_init ] --END-- [ RunTime:0.000054s ]
INFO: [ app_begin ] --START--
INFO: Run Behavior\ReadHtmlCacheBehavior [ RunTime:0.000019s ]
INFO: [ app_begin ] --END-- [ RunTime:0.000041s ]
INFO: [ view_parse ] --START--
NOTIC: [2] file_get_contents(./apps/Admin/View/Comm/Login/OtherLogin.html): failed to open stream: No such file or directory /home/xban/www/salon/ThinkPHP/Library/Think/Template.class.php 第 785 行.
INFO: [ template_filter ] --START--
INFO: Run Behavior\ContentReplaceBehavior [ RunTime:0.000031s ]
INFO: [ template_filter ] --END-- [ RunTime:0.000051s ]
NOTIC: [8] Undefined variable: token /home/xban/www/salon/apps/Runtime/Cache/Admin/a2244f5351da9a8fad55f9d836b0769e.php 第 87 行.
NOTIC: [8] Undefined variable: username /home/xban/www/salon/apps/Runtime/Cache/Admin/a2244f5351da9a8fad55f9d836b0769e.php 第 95 行.
NOTIC: [8] Undefined variable: errors /home/xban/www/salon/apps/Runtime/Cache/Admin/a2244f5351da9a8fad55f9d836b0769e.php 第 109 行.
NOTIC: [8] Undefined variable: projectName /home/xban/www/salon/apps/Runtime/Cache/Admin/a2244f5351da9a8fad55f9d836b0769e.php 第 146 行.
INFO: Run Behavior\ParseTemplateBehavior [ RunTime:0.002487s ]
INFO: [ view_parse ] --END-- [ RunTime:0.002505s ]
INFO: [ view_filter ] --START--
INFO: Run Behavior\WriteHtmlCacheBehavior [ RunTime:0.000017s ]
INFO: [ view_filter ] --END-- [ RunTime:0.000029s ]
INFO: [ app_end ] --START--
INFO: Run Behavior\ShowPageTraceBehavior [ RunTime:0.000015s ]
INFO: [ app_end ] --END-- [ RunTime:0.000027s ]

[ 2016-08-08T09:59:26+08:00 ] 127.0.0.1 /passport/login
INFO: [ app_init ] --START--
INFO: Run Behavior\BuildLiteBehavior [ RunTime:0.000006s ]
INFO: [ app_init ] --END-- [ RunTime:0.000044s ]
INFO: [ app_begin ] --START--
INFO: Run Behavior\ReadHtmlCacheBehavior [ RunTime:0.000021s ]
INFO: [ app_begin ] --END-- [ RunTime:0.000040s ]
INFO: [ view_parse ] --START--
NOTIC: [2] file_get_contents(./apps/Admin/View/Comm/Login/OtherLogin.html): failed to open stream: No such file or directory /home/xban/www/salon/ThinkPHP/Library/Think/Template.class.php 第 785 行.
INFO: [ template_filter ] --START--
INFO: Run Behavior\ContentReplaceBehavior [ RunTime:0.000030s ]
INFO: [ template_filter ] --END-- [ RunTime:0.000059s ]
NOTIC: [8] Undefined variable: token /home/xban/www/salon/apps/Runtime/Cache/Admin/a2244f5351da9a8fad55f9d836b0769e.php 第 87 行.
NOTIC: [8] Undefined variable: username /home/xban/www/salon/apps/Runtime/Cache/Admin/a2244f5351da9a8fad55f9d836b0769e.php 第 95 行.
NOTIC: [8] Undefined variable: errors /home/xban/www/salon/apps/Runtime/Cache/Admin/a2244f5351da9a8fad55f9d836b0769e.php 第 109 行.
NOTIC: [8] Undefined variable: projectName /home/xban/www/salon/apps/Runtime/Cache/Admin/a2244f5351da9a8fad55f9d836b0769e.php 第 146 行.
INFO: Run Behavior\ParseTemplateBehavior [ RunTime:0.002560s ]
INFO: [ view_parse ] --END-- [ RunTime:0.002577s ]
INFO: [ view_filter ] --START--
INFO: Run Behavior\WriteHtmlCacheBehavior [ RunTime:0.000021s ]
INFO: [ view_filter ] --END-- [ RunTime:0.000032s ]
INFO: [ app_end ] --START--
INFO: Run Behavior\ShowPageTraceBehavior [ RunTime:0.000018s ]
INFO: [ app_end ] --END-- [ RunTime:0.000031s ]

[ 2016-08-08T09:59:27+08:00 ] 127.0.0.1 /passport/login
INFO: [ app_init ] --START--
INFO: Run Behavior\BuildLiteBehavior [ RunTime:0.000006s ]
INFO: [ app_init ] --END-- [ RunTime:0.000041s ]
INFO: [ app_begin ] --START--
INFO: Run Behavior\ReadHtmlCacheBehavior [ RunTime:0.000017s ]
INFO: [ app_begin ] --END-- [ RunTime:0.000035s ]
INFO: [ view_parse ] --START--
NOTIC: [2] file_get_contents(./apps/Admin/View/Comm/Login/OtherLogin.html): failed to open stream: No such file or directory /home/xban/www/salon/ThinkPHP/Library/Think/Template.class.php 第 785 行.
INFO: [ template_filter ] --START--
INFO: Run Behavior\ContentReplaceBehavior [ RunTime:0.000029s ]
INFO: [ template_filter ] --END-- [ RunTime:0.000050s ]
NOTIC: [8] Undefined variable: token /home/xban/www/salon/apps/Runtime/Cache/Admin/a2244f5351da9a8fad55f9d836b0769e.php 第 87 行.
NOTIC: [8] Undefined variable: username /home/xban/www/salon/apps/Runtime/Cache/Admin/a2244f5351da9a8fad55f9d836b0769e.php 第 95 行.
NOTIC: [8] Undefined variable: errors /home/xban/www/salon/apps/Runtime/Cache/Admin/a2244f5351da9a8fad55f9d836b0769e.php 第 109 行.
NOTIC: [8] Undefined variable: projectName /home/xban/www/salon/apps/Runtime/Cache/Admin/a2244f5351da9a8fad55f9d836b0769e.php 第 146 行.
INFO: Run Behavior\ParseTemplateBehavior [ RunTime:0.002487s ]
INFO: [ view_parse ] --END-- [ RunTime:0.002505s ]
INFO: [ view_filter ] --START--
INFO: Run Behavior\WriteHtmlCacheBehavior [ RunTime:0.000017s ]
INFO: [ view_filter ] --END-- [ RunTime:0.000029s ]
INFO: [ app_end ] --START--
INFO: Run Behavior\ShowPageTraceBehavior [ RunTime:0.000014s ]
INFO: [ app_end ] --END-- [ RunTime:0.000027s ]

[ 2016-08-08T09:59:38+08:00 ] 127.0.0.1 /passport/login
INFO: [ app_init ] --START--
INFO: Run Behavior\BuildLiteBehavior [ RunTime:0.000006s ]
INFO: [ app_init ] --END-- [ RunTime:0.000044s ]
INFO: [ app_begin ] --START--
INFO: Run Behavior\ReadHtmlCacheBehavior [ RunTime:0.000020s ]
INFO: [ app_begin ] --END-- [ RunTime:0.000038s ]
INFO: [ view_parse ] --START--
NOTIC: [2] file_get_contents(./apps/Admin/View/Comm/Login/OtherLogin.html): failed to open stream: No such file or directory /home/xban/www/salon/ThinkPHP/Library/Think/Template.class.php 第 785 行.
INFO: [ template_filter ] --START--
INFO: Run Behavior\ContentReplaceBehavior [ RunTime:0.000033s ]
INFO: [ template_filter ] --END-- [ RunTime:0.000053s ]
NOTIC: [8] Undefined variable: token /home/xban/www/salon/apps/Runtime/Cache/Admin/a2244f5351da9a8fad55f9d836b0769e.php 第 87 行.
NOTIC: [8] Undefined variable: username /home/xban/www/salon/apps/Runtime/Cache/Admin/a2244f5351da9a8fad55f9d836b0769e.php 第 95 行.
NOTIC: [8] Undefined variable: errors /home/xban/www/salon/apps/Runtime/Cache/Admin/a2244f5351da9a8fad55f9d836b0769e.php 第 109 行.
NOTIC: [8] Undefined variable: projectName /home/xban/www/salon/apps/Runtime/Cache/Admin/a2244f5351da9a8fad55f9d836b0769e.php 第 146 行.
INFO: Run Behavior\ParseTemplateBehavior [ RunTime:0.002550s ]
INFO: [ view_parse ] --END-- [ RunTime:0.002568s ]
INFO: [ view_filter ] --START--
INFO: Run Behavior\WriteHtmlCacheBehavior [ RunTime:0.000022s ]
INFO: [ view_filter ] --END-- [ RunTime:0.000033s ]
INFO: [ app_end ] --START--
INFO: Run Behavior\ShowPageTraceBehavior [ RunTime:0.000028s ]
INFO: [ app_end ] --END-- [ RunTime:0.000040s ]

[ 2016-08-08T09:59:40+08:00 ] 127.0.0.1 /passport/login
INFO: [ app_init ] --START--
INFO: Run Behavior\BuildLiteBehavior [ RunTime:0.000007s ]
INFO: [ app_init ] --END-- [ RunTime:0.000040s ]
INFO: [ app_begin ] --START--
INFO: Run Behavior\ReadHtmlCacheBehavior [ RunTime:0.000018s ]
INFO: [ app_begin ] --END-- [ RunTime:0.000036s ]
INFO: [ view_parse ] --START--
NOTIC: [2] file_get_contents(./apps/Admin/View/Comm/Login/OtherLogin.html): failed to open stream: No such file or directory /home/xban/www/salon/ThinkPHP/Library/Think/Template.class.php 第 785 行.
INFO: [ template_filter ] --START--
INFO: Run Behavior\ContentReplaceBehavior [ RunTime:0.000030s ]
INFO: [ template_filter ] --END-- [ RunTime:0.000054s ]
NOTIC: [8] Undefined variable: token /home/xban/www/salon/apps/Runtime/Cache/Admin/a2244f5351da9a8fad55f9d836b0769e.php 第 87 行.
NOTIC: [8] Undefined variable: username /home/xban/www/salon/apps/Runtime/Cache/Admin/a2244f5351da9a8fad55f9d836b0769e.php 第 95 行.
NOTIC: [8] Undefined variable: errors /home/xban/www/salon/apps/Runtime/Cache/Admin/a2244f5351da9a8fad55f9d836b0769e.php 第 109 行.
NOTIC: [8] Undefined variable: projectName /home/xban/www/salon/apps/Runtime/Cache/Admin/a2244f5351da9a8fad55f9d836b0769e.php 第 146 行.
INFO: Run Behavior\ParseTemplateBehavior [ RunTime:0.004991s ]
INFO: [ view_parse ] --END-- [ RunTime:0.005009s ]
INFO: [ view_filter ] --START--
INFO: Run Behavior\WriteHtmlCacheBehavior [ RunTime:0.000018s ]
INFO: [ view_filter ] --END-- [ RunTime:0.000030s ]
INFO: [ app_end ] --START--
INFO: Run Behavior\ShowPageTraceBehavior [ RunTime:0.000015s ]
INFO: [ app_end ] --END-- [ RunTime:0.000027s ]

[ 2016-08-08T09:59:47+08:00 ] 127.0.0.1 /passport/login
INFO: [ app_init ] --START--
INFO: Run Behavior\BuildLiteBehavior [ RunTime:0.000007s ]
INFO: [ app_init ] --END-- [ RunTime:0.000043s ]
INFO: [ app_begin ] --START--
INFO: Run Behavior\ReadHtmlCacheBehavior [ RunTime:0.000019s ]
INFO: [ app_begin ] --END-- [ RunTime:0.000037s ]
INFO: [ view_parse ] --START--
NOTIC: [2] file_get_contents(./apps/Admin/View/Comm/Login/OtherLogin.html): failed to open stream: No such file or directory /home/xban/www/salon/ThinkPHP/Library/Think/Template.class.php 第 785 行.
INFO: [ template_filter ] --START--
INFO: Run Behavior\ContentReplaceBehavior [ RunTime:0.000031s ]
INFO: [ template_filter ] --END-- [ RunTime:0.000052s ]
NOTIC: [8] Undefined variable: token /home/xban/www/salon/apps/Runtime/Cache/Admin/a2244f5351da9a8fad55f9d836b0769e.php 第 87 行.
NOTIC: [8] Undefined variable: username /home/xban/www/salon/apps/Runtime/Cache/Admin/a2244f5351da9a8fad55f9d836b0769e.php 第 95 行.
NOTIC: [8] Undefined variable: errors /home/xban/www/salon/apps/Runtime/Cache/Admin/a2244f5351da9a8fad55f9d836b0769e.php 第 109 行.
NOTIC: [8] Undefined variable: projectName /home/xban/www/salon/apps/Runtime/Cache/Admin/a2244f5351da9a8fad55f9d836b0769e.php 第 146 行.
INFO: Run Behavior\ParseTemplateBehavior [ RunTime:0.002581s ]
INFO: [ view_parse ] --END-- [ RunTime:0.002598s ]
INFO: [ view_filter ] --START--
INFO: Run Behavior\WriteHtmlCacheBehavior [ RunTime:0.000032s ]
INFO: [ view_filter ] --END-- [ RunTime:0.000045s ]
INFO: [ app_end ] --START--
INFO: Run Behavior\ShowPageTraceBehavior [ RunTime:0.000018s ]
INFO: [ app_end ] --END-- [ RunTime:0.000031s ]

[ 2016-08-08T10:01:42+08:00 ] 127.0.0.1 /passport/login
INFO: [ app_init ] --START--
INFO: Run Behavior\BuildLiteBehavior [ RunTime:0.000006s ]
INFO: [ app_init ] --END-- [ RunTime:0.000043s ]
INFO: [ app_begin ] --START--
INFO: Run Behavior\ReadHtmlCacheBehavior [ RunTime:0.000020s ]
INFO: [ app_begin ] --END-- [ RunTime:0.000038s ]
INFO: [ view_parse ] --START--
NOTIC: [2] file_get_contents(./apps/Admin/View/Comm/Login/OtherLogin.html): failed to open stream: No such file or directory /home/xban/www/salon/ThinkPHP/Library/Think/Template.class.php 第 785 行.
INFO: [ template_filter ] --START--
INFO: Run Behavior\ContentReplaceBehavior [ RunTime:0.000031s ]
INFO: [ template_filter ] --END-- [ RunTime:0.000055s ]
NOTIC: [8] Undefined variable: token /home/xban/www/salon/apps/Runtime/Cache/Admin/a2244f5351da9a8fad55f9d836b0769e.php 第 87 行.
NOTIC: [8] Undefined variable: username /home/xban/www/salon/apps/Runtime/Cache/Admin/a2244f5351da9a8fad55f9d836b0769e.php 第 95 行.
NOTIC: [8] Undefined variable: errors /home/xban/www/salon/apps/Runtime/Cache/Admin/a2244f5351da9a8fad55f9d836b0769e.php 第 109 行.
NOTIC: [8] Undefined variable: projectName /home/xban/www/salon/apps/Runtime/Cache/Admin/a2244f5351da9a8fad55f9d836b0769e.php 第 146 行.
INFO: Run Behavior\ParseTemplateBehavior [ RunTime:0.002562s ]
INFO: [ view_parse ] --END-- [ RunTime:0.002580s ]
INFO: [ view_filter ] --START--
INFO: Run Behavior\WriteHtmlCacheBehavior [ RunTime:0.000025s ]
INFO: [ view_filter ] --END-- [ RunTime:0.000037s ]
INFO: [ app_end ] --START--
INFO: Run Behavior\ShowPageTraceBehavior [ RunTime:0.000018s ]
INFO: [ app_end ] --END-- [ RunTime:0.000032s ]

[ 2016-08-08T10:01:43+08:00 ] 127.0.0.1 /passport/login
INFO: [ app_init ] --START--
INFO: Run Behavior\BuildLiteBehavior [ RunTime:0.000006s ]
INFO: [ app_init ] --END-- [ RunTime:0.000040s ]
INFO: [ app_begin ] --START--
INFO: Run Behavior\ReadHtmlCacheBehavior [ RunTime:0.000017s ]
INFO: [ app_begin ] --END-- [ RunTime:0.000036s ]
INFO: [ view_parse ] --START--
NOTIC: [2] file_get_contents(./apps/Admin/View/Comm/Login/OtherLogin.html): failed to open stream: No such file or directory /home/xban/www/salon/ThinkPHP/Library/Think/Template.class.php 第 785 行.
INFO: [ template_filter ] --START--
INFO: Run Behavior\ContentReplaceBehavior [ RunTime:0.000031s ]
INFO: [ template_filter ] --END-- [ RunTime:0.000051s ]
NOTIC: [8] Undefined variable: token /home/xban/www/salon/apps/Runtime/Cache/Admin/a2244f5351da9a8fad55f9d836b0769e.php 第 87 行.
NOTIC: [8] Undefined variable: username /home/xban/www/salon/apps/Runtime/Cache/Admin/a2244f5351da9a8fad55f9d836b0769e.php 第 95 行.
NOTIC: [8] Undefined variable: errors /home/xban/www/salon/apps/Runtime/Cache/Admin/a2244f5351da9a8fad55f9d836b0769e.php 第 109 行.
NOTIC: [8] Undefined variable: projectName /home/xban/www/salon/apps/Runtime/Cache/Admin/a2244f5351da9a8fad55f9d836b0769e.php 第 146 行.
INFO: Run Behavior\ParseTemplateBehavior [ RunTime:0.002452s ]
INFO: [ view_parse ] --END-- [ RunTime:0.002470s ]
INFO: [ view_filter ] --START--
INFO: Run Behavior\WriteHtmlCacheBehavior [ RunTime:0.000017s ]
INFO: [ view_filter ] --END-- [ RunTime:0.000029s ]
INFO: [ app_end ] --START--
INFO: Run Behavior\ShowPageTraceBehavior [ RunTime:0.000015s ]
INFO: [ app_end ] --END-- [ RunTime:0.000027s ]

[ 2016-08-08T10:03:56+08:00 ] 127.0.0.1 /passport/login
INFO: [ app_init ] --START--
INFO: Run Behavior\BuildLiteBehavior [ RunTime:0.000007s ]
INFO: [ app_init ] --END-- [ RunTime:0.000045s ]
INFO: [ app_begin ] --START--
INFO: Run Behavior\ReadHtmlCacheBehavior [ RunTime:0.000020s ]
INFO: [ app_begin ] --END-- [ RunTime:0.000038s ]
INFO: [ view_parse ] --START--
NOTIC: [2] file_get_contents(./apps/Admin/View/Comm/Login/OtherLogin.html): failed to open stream: No such file or directory /home/xban/www/salon/ThinkPHP/Library/Think/Template.class.php 第 785 行.
INFO: [ template_filter ] --START--
INFO: Run Behavior\ContentReplaceBehavior [ RunTime:0.000038s ]
INFO: [ template_filter ] --END-- [ RunTime:0.000079s ]
NOTIC: [8] Undefined variable: token /home/xban/www/salon/apps/Runtime/Cache/Admin/a2244f5351da9a8fad55f9d836b0769e.php 第 105 行.
NOTIC: [8] Undefined variable: username /home/xban/www/salon/apps/Runtime/Cache/Admin/a2244f5351da9a8fad55f9d836b0769e.php 第 113 行.
NOTIC: [8] Undefined variable: errors /home/xban/www/salon/apps/Runtime/Cache/Admin/a2244f5351da9a8fad55f9d836b0769e.php 第 127 行.
NOTIC: [8] Undefined variable: projectName /home/xban/www/salon/apps/Runtime/Cache/Admin/a2244f5351da9a8fad55f9d836b0769e.php 第 164 行.
INFO: Run Behavior\ParseTemplateBehavior [ RunTime:0.004766s ]
INFO: [ view_parse ] --END-- [ RunTime:0.004802s ]
INFO: [ view_filter ] --START--
INFO: Run Behavior\WriteHtmlCacheBehavior [ RunTime:0.000037s ]
INFO: [ view_filter ] --END-- [ RunTime:0.000051s ]
INFO: [ app_end ] --START--
INFO: Run Behavior\ShowPageTraceBehavior [ RunTime:0.000026s ]
INFO: [ app_end ] --END-- [ RunTime:0.000041s ]

[ 2016-08-08T10:05:08+08:00 ] 127.0.0.1 /passport/login
INFO: [ app_init ] --START--
INFO: Run Behavior\BuildLiteBehavior [ RunTime:0.000007s ]
INFO: [ app_init ] --END-- [ RunTime:0.000046s ]
INFO: [ app_begin ] --START--
INFO: Run Behavior\ReadHtmlCacheBehavior [ RunTime:0.000021s ]
INFO: [ app_begin ] --END-- [ RunTime:0.000040s ]
INFO: [ view_parse ] --START--
NOTIC: [2] file_get_contents(./apps/Admin/View/Comm/Login/OtherLogin.html): failed to open stream: No such file or directory /home/xban/www/salon/ThinkPHP/Library/Think/Template.class.php 第 785 行.
INFO: [ template_filter ] --START--
INFO: Run Behavior\ContentReplaceBehavior [ RunTime:0.000032s ]
INFO: [ template_filter ] --END-- [ RunTime:0.000052s ]
NOTIC: [8] Undefined variable: token /home/xban/www/salon/apps/Runtime/Cache/Admin/a2244f5351da9a8fad55f9d836b0769e.php 第 105 行.
NOTIC: [8] Undefined variable: username /home/xban/www/salon/apps/Runtime/Cache/Admin/a2244f5351da9a8fad55f9d836b0769e.php 第 113 行.
NOTIC: [8] Undefined variable: errors /home/xban/www/salon/apps/Runtime/Cache/Admin/a2244f5351da9a8fad55f9d836b0769e.php 第 127 行.
NOTIC: [8] Undefined variable: projectName /home/xban/www/salon/apps/Runtime/Cache/Admin/a2244f5351da9a8fad55f9d836b0769e.php 第 164 行.
INFO: Run Behavior\ParseTemplateBehavior [ RunTime:0.002548s ]
INFO: [ view_parse ] --END-- [ RunTime:0.002567s ]
INFO: [ view_filter ] --START--
INFO: Run Behavior\WriteHtmlCacheBehavior [ RunTime:0.000021s ]
INFO: [ view_filter ] --END-- [ RunTime:0.000032s ]
INFO: [ app_end ] --START--
INFO: Run Behavior\ShowPageTraceBehavior [ RunTime:0.000020s ]
INFO: [ app_end ] --END-- [ RunTime:0.000033s ]

[ 2016-08-08T10:05:34+08:00 ] 127.0.0.1 /passport/login
INFO: [ app_init ] --START--
INFO: Run Behavior\BuildLiteBehavior [ RunTime:0.000006s ]
INFO: [ app_init ] --END-- [ RunTime:0.000046s ]
INFO: [ app_begin ] --START--
INFO: Run Behavior\ReadHtmlCacheBehavior [ RunTime:0.000021s ]
INFO: [ app_begin ] --END-- [ RunTime:0.000040s ]
INFO: [ view_parse ] --START--
NOTIC: [2] file_get_contents(./apps/Admin/View/Comm/Login/OtherLogin.html): failed to open stream: No such file or directory /home/xban/www/salon/ThinkPHP/Library/Think/Template.class.php 第 785 行.
INFO: [ template_filter ] --START--
INFO: Run Behavior\ContentReplaceBehavior [ RunTime:0.000034s ]
INFO: [ template_filter ] --END-- [ RunTime:0.000054s ]
NOTIC: [8] Undefined variable: token /home/xban/www/salon/apps/Runtime/Cache/Admin/a2244f5351da9a8fad55f9d836b0769e.php 第 104 行.
NOTIC: [8] Undefined variable: username /home/xban/www/salon/apps/Runtime/Cache/Admin/a2244f5351da9a8fad55f9d836b0769e.php 第 112 行.
NOTIC: [8] Undefined variable: errors /home/xban/www/salon/apps/Runtime/Cache/Admin/a2244f5351da9a8fad55f9d836b0769e.php 第 126 行.
NOTIC: [8] Undefined variable: projectName /home/xban/www/salon/apps/Runtime/Cache/Admin/a2244f5351da9a8fad55f9d836b0769e.php 第 163 行.
INFO: Run Behavior\ParseTemplateBehavior [ RunTime:0.002559s ]
INFO: [ view_parse ] --END-- [ RunTime:0.002577s ]
INFO: [ view_filter ] --START--
INFO: Run Behavior\WriteHtmlCacheBehavior [ RunTime:0.000026s ]
INFO: [ view_filter ] --END-- [ RunTime:0.000038s ]
INFO: [ app_end ] --START--
INFO: Run Behavior\ShowPageTraceBehavior [ RunTime:0.000021s ]
INFO: [ app_end ] --END-- [ RunTime:0.000033s ]

[ 2016-08-08T10:07:12+08:00 ] 127.0.0.1 /passport/login
INFO: [ app_init ] --START--
INFO: Run Behavior\BuildLiteBehavior [ RunTime:0.000007s ]
INFO: [ app_init ] --END-- [ RunTime:0.000044s ]
INFO: [ app_begin ] --START--
INFO: Run Behavior\ReadHtmlCacheBehavior [ RunTime:0.000020s ]
INFO: [ app_begin ] --END-- [ RunTime:0.000038s ]
INFO: [ view_parse ] --START--
NOTIC: [2] file_get_contents(./apps/Admin/View/Comm/Login/OtherLogin.html): failed to open stream: No such file or directory /home/xban/www/salon/ThinkPHP/Library/Think/Template.class.php 第 785 行.
INFO: [ template_filter ] --START--
INFO: Run Behavior\ContentReplaceBehavior [ RunTime:0.000033s ]
INFO: [ template_filter ] --END-- [ RunTime:0.000055s ]
NOTIC: [8] Undefined variable: token /home/xban/www/salon/apps/Runtime/Cache/Admin/a2244f5351da9a8fad55f9d836b0769e.php 第 105 行.
NOTIC: [8] Undefined variable: username /home/xban/www/salon/apps/Runtime/Cache/Admin/a2244f5351da9a8fad55f9d836b0769e.php 第 113 行.
NOTIC: [8] Undefined variable: errors /home/xban/www/salon/apps/Runtime/Cache/Admin/a2244f5351da9a8fad55f9d836b0769e.php 第 127 行.
NOTIC: [8] Undefined variable: projectName /home/xban/www/salon/apps/Runtime/Cache/Admin/a2244f5351da9a8fad55f9d836b0769e.php 第 164 行.
INFO: Run Behavior\ParseTemplateBehavior [ RunTime:0.002702s ]
INFO: [ view_parse ] --END-- [ RunTime:0.002721s ]
INFO: [ view_filter ] --START--
INFO: Run Behavior\WriteHtmlCacheBehavior [ RunTime:0.000023s ]
INFO: [ view_filter ] --END-- [ RunTime:0.000035s ]
INFO: [ app_end ] --START--
INFO: Run Behavior\ShowPageTraceBehavior [ RunTime:0.000018s ]
INFO: [ app_end ] --END-- [ RunTime:0.000030s ]

[ 2016-08-08T10:07:52+08:00 ] 127.0.0.1 /passport/login
INFO: [ app_init ] --START--
INFO: Run Behavior\BuildLiteBehavior [ RunTime:0.000006s ]
INFO: [ app_init ] --END-- [ RunTime:0.000052s ]
INFO: [ app_begin ] --START--
INFO: Run Behavior\ReadHtmlCacheBehavior [ RunTime:0.000023s ]
INFO: [ app_begin ] --END-- [ RunTime:0.000043s ]
INFO: [ view_parse ] --START--
NOTIC: [2] file_get_contents(./apps/Admin/View/Comm/Login/OtherLogin.html): failed to open stream: No such file or directory /home/xban/www/salon/ThinkPHP/Library/Think/Template.class.php 第 785 行.
INFO: [ template_filter ] --START--
INFO: Run Behavior\ContentReplaceBehavior [ RunTime:0.000033s ]
INFO: [ template_filter ] --END-- [ RunTime:0.000055s ]
NOTIC: [8] Undefined variable: token /home/xban/www/salon/apps/Runtime/Cache/Admin/a2244f5351da9a8fad55f9d836b0769e.php 第 87 行.
NOTIC: [8] Undefined variable: username /home/xban/www/salon/apps/Runtime/Cache/Admin/a2244f5351da9a8fad55f9d836b0769e.php 第 95 行.
NOTIC: [8] Undefined variable: errors /home/xban/www/salon/apps/Runtime/Cache/Admin/a2244f5351da9a8fad55f9d836b0769e.php 第 109 行.
NOTIC: [8] Undefined variable: projectName /home/xban/www/salon/apps/Runtime/Cache/Admin/a2244f5351da9a8fad55f9d836b0769e.php 第 146 行.
INFO: Run Behavior\ParseTemplateBehavior [ RunTime:0.004561s ]
INFO: [ view_parse ] --END-- [ RunTime:0.004580s ]
INFO: [ view_filter ] --START--
INFO: Run Behavior\WriteHtmlCacheBehavior [ RunTime:0.000025s ]
INFO: [ view_filter ] --END-- [ RunTime:0.000038s ]
INFO: [ app_end ] --START--
INFO: Run Behavior\ShowPageTraceBehavior [ RunTime:0.000019s ]
INFO: [ app_end ] --END-- [ RunTime:0.000033s ]

[ 2016-08-08T10:09:52+08:00 ] 127.0.0.1 /passport/login
INFO: [ app_init ] --START--
INFO: Run Behavior\BuildLiteBehavior [ RunTime:0.000007s ]
INFO: [ app_init ] --END-- [ RunTime:0.000043s ]
INFO: [ app_begin ] --START--
INFO: Run Behavior\ReadHtmlCacheBehavior [ RunTime:0.000020s ]
INFO: [ app_begin ] --END-- [ RunTime:0.000038s ]
INFO: [ view_parse ] --START--
NOTIC: [2] file_get_contents(./apps/Admin/View/Comm/Login/OtherLogin.html): failed to open stream: No such file or directory /home/xban/www/salon/ThinkPHP/Library/Think/Template.class.php 第 785 行.
INFO: [ template_filter ] --START--
INFO: Run Behavior\ContentReplaceBehavior [ RunTime:0.000031s ]
INFO: [ template_filter ] --END-- [ RunTime:0.000051s ]
NOTIC: [8] Undefined variable: token /home/xban/www/salon/apps/Runtime/Cache/Admin/a2244f5351da9a8fad55f9d836b0769e.php 第 92 行.
NOTIC: [8] Undefined variable: username /home/xban/www/salon/apps/Runtime/Cache/Admin/a2244f5351da9a8fad55f9d836b0769e.php 第 100 行.
NOTIC: [8] Undefined variable: errors /home/xban/www/salon/apps/Runtime/Cache/Admin/a2244f5351da9a8fad55f9d836b0769e.php 第 114 行.
NOTIC: [8] Undefined variable: projectName /home/xban/www/salon/apps/Runtime/Cache/Admin/a2244f5351da9a8fad55f9d836b0769e.php 第 151 行.
INFO: Run Behavior\ParseTemplateBehavior [ RunTime:0.004973s ]
INFO: [ view_parse ] --END-- [ RunTime:0.004994s ]
INFO: [ view_filter ] --START--
INFO: Run Behavior\WriteHtmlCacheBehavior [ RunTime:0.000023s ]
INFO: [ view_filter ] --END-- [ RunTime:0.000036s ]
INFO: [ app_end ] --START--
INFO: Run Behavior\ShowPageTraceBehavior [ RunTime:0.000018s ]
INFO: [ app_end ] --END-- [ RunTime:0.000031s ]

[ 2016-08-08T10:10:06+08:00 ] 127.0.0.1 /passport/login
INFO: [ app_init ] --START--
INFO: Run Behavior\BuildLiteBehavior [ RunTime:0.000006s ]
INFO: [ app_init ] --END-- [ RunTime:0.000043s ]
INFO: [ app_begin ] --START--
INFO: Run Behavior\ReadHtmlCacheBehavior [ RunTime:0.000021s ]
INFO: [ app_begin ] --END-- [ RunTime:0.000048s ]
INFO: [ view_parse ] --START--
NOTIC: [2] file_get_contents(./apps/Admin/View/Comm/Login/OtherLogin.html): failed to open stream: No such file or directory /home/xban/www/salon/ThinkPHP/Library/Think/Template.class.php 第 785 行.
INFO: [ template_filter ] --START--
INFO: Run Behavior\ContentReplaceBehavior [ RunTime:0.000030s ]
INFO: [ template_filter ] --END-- [ RunTime:0.000050s ]
NOTIC: [8] Undefined variable: token /home/xban/www/salon/apps/Runtime/Cache/Admin/a2244f5351da9a8fad55f9d836b0769e.php 第 91 行.
NOTIC: [8] Undefined variable: username /home/xban/www/salon/apps/Runtime/Cache/Admin/a2244f5351da9a8fad55f9d836b0769e.php 第 99 行.
NOTIC: [8] Undefined variable: errors /home/xban/www/salon/apps/Runtime/Cache/Admin/a2244f5351da9a8fad55f9d836b0769e.php 第 113 行.
NOTIC: [8] Undefined variable: projectName /home/xban/www/salon/apps/Runtime/Cache/Admin/a2244f5351da9a8fad55f9d836b0769e.php 第 150 行.
INFO: Run Behavior\ParseTemplateBehavior [ RunTime:0.002415s ]
INFO: [ view_parse ] --END-- [ RunTime:0.002433s ]
INFO: [ view_filter ] --START--
INFO: Run Behavior\WriteHtmlCacheBehavior [ RunTime:0.000020s ]
INFO: [ view_filter ] --END-- [ RunTime:0.000032s ]
INFO: [ app_end ] --START--
INFO: Run Behavior\ShowPageTraceBehavior [ RunTime:0.000018s ]
INFO: [ app_end ] --END-- [ RunTime:0.000031s ]

[ 2016-08-08T10:10:49+08:00 ] 127.0.0.1 /passport/login
INFO: [ app_init ] --START--
INFO: Run Behavior\BuildLiteBehavior [ RunTime:0.000006s ]
INFO: [ app_init ] --END-- [ RunTime:0.000044s ]
INFO: [ app_begin ] --START--
INFO: Run Behavior\ReadHtmlCacheBehavior [ RunTime:0.000021s ]
INFO: [ app_begin ] --END-- [ RunTime:0.000039s ]
INFO: [ view_parse ] --START--
NOTIC: [2] file_get_contents(./apps/Admin/View/Comm/Login/OtherLogin.html): failed to open stream: No such file or directory /home/xban/www/salon/ThinkPHP/Library/Think/Template.class.php 第 785 行.
INFO: [ template_filter ] --START--
INFO: Run Behavior\ContentReplaceBehavior [ RunTime:0.000031s ]
INFO: [ template_filter ] --END-- [ RunTime:0.000051s ]
NOTIC: [8] Undefined variable: token /home/xban/www/salon/apps/Runtime/Cache/Admin/a2244f5351da9a8fad55f9d836b0769e.php 第 91 行.
NOTIC: [8] Undefined variable: username /home/xban/www/salon/apps/Runtime/Cache/Admin/a2244f5351da9a8fad55f9d836b0769e.php 第 99 行.
NOTIC: [8] Undefined variable: errors /home/xban/www/salon/apps/Runtime/Cache/Admin/a2244f5351da9a8fad55f9d836b0769e.php 第 113 行.
NOTIC: [8] Undefined variable: projectName /home/xban/www/salon/apps/Runtime/Cache/Admin/a2244f5351da9a8fad55f9d836b0769e.php 第 150 行.
INFO: Run Behavior\ParseTemplateBehavior [ RunTime:0.002458s ]
INFO: [ view_parse ] --END-- [ RunTime:0.002477s ]
INFO: [ view_filter ] --START--
INFO: Run Behavior\WriteHtmlCacheBehavior [ RunTime:0.000021s ]
INFO: [ view_filter ] --END-- [ RunTime:0.000033s ]
INFO: [ app_end ] --START--
INFO: Run Behavior\ShowPageTraceBehavior [ RunTime:0.000018s ]
INFO: [ app_end ] --END-- [ RunTime:0.000031s ]

[ 2016-08-08T10:11:08+08:00 ] 127.0.0.1 /passport/login
INFO: [ app_init ] --START--
INFO: Run Behavior\BuildLiteBehavior [ RunTime:0.000007s ]
INFO: [ app_init ] --END-- [ RunTime:0.000052s ]
INFO: [ app_begin ] --START--
INFO: Run Behavior\ReadHtmlCacheBehavior [ RunTime:0.000020s ]
INFO: [ app_begin ] --END-- [ RunTime:0.000037s ]
INFO: [ view_parse ] --START--
NOTIC: [2] file_get_contents(./apps/Admin/View/Comm/Login/OtherLogin.html): failed to open stream: No such file or directory /home/xban/www/salon/ThinkPHP/Library/Think/Template.class.php 第 785 行.
INFO: [ template_filter ] --START--
INFO: Run Behavior\ContentReplaceBehavior [ RunTime:0.000033s ]
INFO: [ template_filter ] --END-- [ RunTime:0.000055s ]
NOTIC: [8] Undefined variable: token /home/xban/www/salon/apps/Runtime/Cache/Admin/a2244f5351da9a8fad55f9d836b0769e.php 第 91 行.
NOTIC: [8] Undefined variable: username /home/xban/www/salon/apps/Runtime/Cache/Admin/a2244f5351da9a8fad55f9d836b0769e.php 第 99 行.
NOTIC: [8] Undefined variable: errors /home/xban/www/salon/apps/Runtime/Cache/Admin/a2244f5351da9a8fad55f9d836b0769e.php 第 113 行.
NOTIC: [8] Undefined variable: projectName /home/xban/www/salon/apps/Runtime/Cache/Admin/a2244f5351da9a8fad55f9d836b0769e.php 第 150 行.
INFO: Run Behavior\ParseTemplateBehavior [ RunTime:0.002459s ]
INFO: [ view_parse ] --END-- [ RunTime:0.002478s ]
INFO: [ view_filter ] --START--
INFO: Run Behavior\WriteHtmlCacheBehavior [ RunTime:0.000022s ]
INFO: [ view_filter ] --END-- [ RunTime:0.000035s ]
INFO: [ app_end ] --START--
INFO: Run Behavior\ShowPageTraceBehavior [ RunTime:0.000017s ]
INFO: [ app_end ] --END-- [ RunTime:0.000031s ]

[ 2016-08-08T11:18:25+08:00 ] 127.0.0.1 /passport/login
INFO: [ app_init ] --START--
INFO: Run Behavior\BuildLiteBehavior [ RunTime:0.000009s ]
INFO: [ app_init ] --END-- [ RunTime:0.000056s ]
INFO: [ app_begin ] --START--
INFO: Run Behavior\ReadHtmlCacheBehavior [ RunTime:0.000046s ]
INFO: [ app_begin ] --END-- [ RunTime:0.000314s ]
INFO: [ view_parse ] --START--
NOTIC: [2] file_get_contents(./apps/Admin/View/Comm/Login/OtherLogin.html): failed to open stream: No such file or directory /home/xban/www/salon/ThinkPHP/Library/Think/Template.class.php 第 785 行.
INFO: [ template_filter ] --START--
INFO: Run Behavior\ContentReplaceBehavior [ RunTime:0.000042s ]
INFO: [ template_filter ] --END-- [ RunTime:0.000070s ]
NOTIC: [8] Undefined variable: token /home/xban/www/salon/apps/Runtime/Cache/Admin/a2244f5351da9a8fad55f9d836b0769e.php 第 91 行.
NOTIC: [8] Undefined variable: username /home/xban/www/salon/apps/Runtime/Cache/Admin/a2244f5351da9a8fad55f9d836b0769e.php 第 99 行.
NOTIC: [8] Undefined variable: errors /home/xban/www/salon/apps/Runtime/Cache/Admin/a2244f5351da9a8fad55f9d836b0769e.php 第 113 行.
NOTIC: [8] Undefined variable: projectName /home/xban/www/salon/apps/Runtime/Cache/Admin/a2244f5351da9a8fad55f9d836b0769e.php 第 150 行.
INFO: Run Behavior\ParseTemplateBehavior [ RunTime:0.011671s ]
INFO: [ view_parse ] --END-- [ RunTime:0.011798s ]
INFO: [ view_filter ] --START--
INFO: Run Behavior\WriteHtmlCacheBehavior [ RunTime:0.000025s ]
INFO: [ view_filter ] --END-- [ RunTime:0.000038s ]
INFO: [ app_end ] --START--
INFO: Run Behavior\ShowPageTraceBehavior [ RunTime:0.000022s ]
INFO: [ app_end ] --END-- [ RunTime:0.000035s ]

[ 2016-08-08T11:18:30+08:00 ] 127.0.0.1 /passport/login
INFO: [ app_init ] --START--
INFO: Run Behavior\BuildLiteBehavior [ RunTime:0.000007s ]
INFO: [ app_init ] --END-- [ RunTime:0.000049s ]
INFO: [ app_begin ] --START--
INFO: Run Behavior\ReadHtmlCacheBehavior [ RunTime:0.000024s ]
INFO: [ app_begin ] --END-- [ RunTime:0.000042s ]
INFO: [ view_parse ] --START--
NOTIC: [2] file_get_contents(./apps/Admin/View/Comm/Login/OtherLogin.html): failed to open stream: No such file or directory /home/xban/www/salon/ThinkPHP/Library/Think/Template.class.php 第 785 行.
INFO: [ template_filter ] --START--
INFO: Run Behavior\ContentReplaceBehavior [ RunTime:0.000039s ]
INFO: [ template_filter ] --END-- [ RunTime:0.000089s ]
NOTIC: [8] Undefined variable: token /home/xban/www/salon/apps/Runtime/Cache/Admin/a2244f5351da9a8fad55f9d836b0769e.php 第 91 行.
NOTIC: [8] Undefined variable: username /home/xban/www/salon/apps/Runtime/Cache/Admin/a2244f5351da9a8fad55f9d836b0769e.php 第 99 行.
NOTIC: [8] Undefined variable: errors /home/xban/www/salon/apps/Runtime/Cache/Admin/a2244f5351da9a8fad55f9d836b0769e.php 第 113 行.
NOTIC: [8] Undefined variable: projectName /home/xban/www/salon/apps/Runtime/Cache/Admin/a2244f5351da9a8fad55f9d836b0769e.php 第 150 行.
INFO: Run Behavior\ParseTemplateBehavior [ RunTime:0.003560s ]
INFO: [ view_parse ] --END-- [ RunTime:0.003583s ]
INFO: [ view_filter ] --START--
INFO: Run Behavior\WriteHtmlCacheBehavior [ RunTime:0.000032s ]
INFO: [ view_filter ] --END-- [ RunTime:0.000045s ]
INFO: [ app_end ] --START--
INFO: Run Behavior\ShowPageTraceBehavior [ RunTime:0.000021s ]
INFO: [ app_end ] --END-- [ RunTime:0.000035s ]

[ 2016-08-08T11:18:44+08:00 ] 127.0.0.1 /passport/login
INFO: [ app_init ] --START--
INFO: Run Behavior\BuildLiteBehavior [ RunTime:0.000007s ]
INFO: [ app_init ] --END-- [ RunTime:0.000050s ]
INFO: [ app_begin ] --START--
INFO: Run Behavior\ReadHtmlCacheBehavior [ RunTime:0.000022s ]
INFO: [ app_begin ] --END-- [ RunTime:0.000040s ]
INFO: [ view_parse ] --START--
NOTIC: [2] file_get_contents(./apps/Admin/View/Comm/Login/OtherLogin.html): failed to open stream: No such file or directory /home/xban/www/salon/ThinkPHP/Library/Think/Template.class.php 第 785 行.
INFO: [ template_filter ] --START--
INFO: Run Behavior\ContentReplaceBehavior [ RunTime:0.000033s ]
INFO: [ template_filter ] --END-- [ RunTime:0.000052s ]
NOTIC: [8] Undefined variable: token /home/xban/www/salon/apps/Runtime/Cache/Admin/a2244f5351da9a8fad55f9d836b0769e.php 第 91 行.
NOTIC: [8] Undefined variable: username /home/xban/www/salon/apps/Runtime/Cache/Admin/a2244f5351da9a8fad55f9d836b0769e.php 第 99 行.
NOTIC: [8] Undefined variable: errors /home/xban/www/salon/apps/Runtime/Cache/Admin/a2244f5351da9a8fad55f9d836b0769e.php 第 113 行.
NOTIC: [8] Undefined variable: projectName /home/xban/www/salon/apps/Runtime/Cache/Admin/a2244f5351da9a8fad55f9d836b0769e.php 第 150 行.
INFO: Run Behavior\ParseTemplateBehavior [ RunTime:0.003179s ]
INFO: [ view_parse ] --END-- [ RunTime:0.003197s ]
INFO: [ view_filter ] --START--
INFO: Run Behavior\WriteHtmlCacheBehavior [ RunTime:0.000021s ]
INFO: [ view_filter ] --END-- [ RunTime:0.000033s ]
INFO: [ app_end ] --START--
INFO: Run Behavior\ShowPageTraceBehavior [ RunTime:0.000018s ]
INFO: [ app_end ] --END-- [ RunTime:0.000031s ]

[ 2016-08-08T11:18:44+08:00 ] 127.0.0.1 /passport/login
INFO: [ app_init ] --START--
INFO: Run Behavior\BuildLiteBehavior [ RunTime:0.000006s ]
INFO: [ app_init ] --END-- [ RunTime:0.000045s ]
INFO: [ app_begin ] --START--
INFO: Run Behavior\ReadHtmlCacheBehavior [ RunTime:0.000018s ]
INFO: [ app_begin ] --END-- [ RunTime:0.000036s ]
INFO: [ view_parse ] --START--
NOTIC: [2] file_get_contents(./apps/Admin/View/Comm/Login/OtherLogin.html): failed to open stream: No such file or directory /home/xban/www/salon/ThinkPHP/Library/Think/Template.class.php 第 785 行.
INFO: [ template_filter ] --START--
INFO: Run Behavior\ContentReplaceBehavior [ RunTime:0.000036s ]
INFO: [ template_filter ] --END-- [ RunTime:0.000063s ]
NOTIC: [8] Undefined variable: token /home/xban/www/salon/apps/Runtime/Cache/Admin/a2244f5351da9a8fad55f9d836b0769e.php 第 91 行.
NOTIC: [8] Undefined variable: username /home/xban/www/salon/apps/Runtime/Cache/Admin/a2244f5351da9a8fad55f9d836b0769e.php 第 99 行.
NOTIC: [8] Undefined variable: errors /home/xban/www/salon/apps/Runtime/Cache/Admin/a2244f5351da9a8fad55f9d836b0769e.php 第 113 行.
NOTIC: [8] Undefined variable: projectName /home/xban/www/salon/apps/Runtime/Cache/Admin/a2244f5351da9a8fad55f9d836b0769e.php 第 150 行.
INFO: Run Behavior\ParseTemplateBehavior [ RunTime:0.002590s ]
INFO: [ view_parse ] --END-- [ RunTime:0.002609s ]
INFO: [ view_filter ] --START--
INFO: Run Behavior\WriteHtmlCacheBehavior [ RunTime:0.000022s ]
INFO: [ view_filter ] --END-- [ RunTime:0.000034s ]
INFO: [ app_end ] --START--
INFO: Run Behavior\ShowPageTraceBehavior [ RunTime:0.000016s ]
INFO: [ app_end ] --END-- [ RunTime:0.000028s ]

[ 2016-08-08T11:18:45+08:00 ] 127.0.0.1 /passport/login
INFO: [ app_init ] --START--
INFO: Run Behavior\BuildLiteBehavior [ RunTime:0.000007s ]
INFO: [ app_init ] --END-- [ RunTime:0.000069s ]
INFO: [ app_begin ] --START--
INFO: Run Behavior\ReadHtmlCacheBehavior [ RunTime:0.000018s ]
INFO: [ app_begin ] --END-- [ RunTime:0.000039s ]
INFO: [ view_parse ] --START--
NOTIC: [2] file_get_contents(./apps/Admin/View/Comm/Login/OtherLogin.html): failed to open stream: No such file or directory /home/xban/www/salon/ThinkPHP/Library/Think/Template.class.php 第 785 行.
INFO: [ template_filter ] --START--
INFO: Run Behavior\ContentReplaceBehavior [ RunTime:0.000033s ]
INFO: [ template_filter ] --END-- [ RunTime:0.000054s ]
NOTIC: [8] Undefined variable: token /home/xban/www/salon/apps/Runtime/Cache/Admin/a2244f5351da9a8fad55f9d836b0769e.php 第 91 行.
NOTIC: [8] Undefined variable: username /home/xban/www/salon/apps/Runtime/Cache/Admin/a2244f5351da9a8fad55f9d836b0769e.php 第 99 行.
NOTIC: [8] Undefined variable: errors /home/xban/www/salon/apps/Runtime/Cache/Admin/a2244f5351da9a8fad55f9d836b0769e.php 第 113 行.
NOTIC: [8] Undefined variable: projectName /home/xban/www/salon/apps/Runtime/Cache/Admin/a2244f5351da9a8fad55f9d836b0769e.php 第 150 行.
INFO: Run Behavior\ParseTemplateBehavior [ RunTime:0.002511s ]
INFO: [ view_parse ] --END-- [ RunTime:0.002539s ]
INFO: [ view_filter ] --START--
INFO: Run Behavior\WriteHtmlCacheBehavior [ RunTime:0.000020s ]
INFO: [ view_filter ] --END-- [ RunTime:0.000032s ]
INFO: [ app_end ] --START--
INFO: Run Behavior\ShowPageTraceBehavior [ RunTime:0.000016s ]
INFO: [ app_end ] --END-- [ RunTime:0.000029s ]

[ 2016-08-08T11:19:10+08:00 ] 127.0.0.1 /passport/login
INFO: [ app_init ] --START--
INFO: Run Behavior\BuildLiteBehavior [ RunTime:0.000006s ]
INFO: [ app_init ] --END-- [ RunTime:0.000045s ]
INFO: [ app_begin ] --START--
INFO: Run Behavior\ReadHtmlCacheBehavior [ RunTime:0.000021s ]
INFO: [ app_begin ] --END-- [ RunTime:0.000040s ]

[ 2016-08-08T11:19:54+08:00 ] 127.0.0.1 /passport/login
INFO: [ app_init ] --START--
INFO: Run Behavior\BuildLiteBehavior [ RunTime:0.000007s ]
INFO: [ app_init ] --END-- [ RunTime:0.000046s ]
INFO: [ app_begin ] --START--
INFO: Run Behavior\ReadHtmlCacheBehavior [ RunTime:0.000020s ]
INFO: [ app_begin ] --END-- [ RunTime:0.000038s ]

[ 2016-08-08T11:20:46+08:00 ] 127.0.0.1 /passport/login
INFO: [ app_init ] --START--
INFO: Run Behavior\BuildLiteBehavior [ RunTime:0.000012s ]
INFO: [ app_init ] --END-- [ RunTime:0.000700s ]
INFO: [ app_begin ] --START--
INFO: Run Behavior\ReadHtmlCacheBehavior [ RunTime:0.000557s ]
INFO: [ app_begin ] --END-- [ RunTime:0.000588s ]

[ 2016-08-08T11:21:00+08:00 ] 127.0.0.1 /passport/login
INFO: [ app_init ] --START--
INFO: Run Behavior\BuildLiteBehavior [ RunTime:0.000010s ]
INFO: [ app_init ] --END-- [ RunTime:0.000301s ]
INFO: [ app_begin ] --START--
INFO: Run Behavior\ReadHtmlCacheBehavior [ RunTime:0.000418s ]
INFO: [ app_begin ] --END-- [ RunTime:0.000447s ]

